2020-04-06 11:04:05.761 DEBUG [main] [StepDefinition.books.books_stepdef] [user_is_on_my_loginpage] [StepDefinition.books.books_stepdef.user_is_on_my_loginpage(books_stepdef.java:32)] - Initializeing the driver and Browser
2020-04-06 11:04:13.906 DEBUG [main] [StepDefinition.books.books_stepdef] [user_fillup_uid] [StepDefinition.books.books_stepdef.user_fillup_uid(books_stepdef.java:41)] - Updating userName 
2020-04-06 11:04:23.147 INFO [main] [StepDefinition.books.books_stepdef] [click_computing] [StepDefinition.books.books_stepdef.click_computing(books_stepdef.java:75)] - take Screenshot
2020-04-06 11:05:14.424 DEBUG [main] [StepDefinition.books.books_stepdef] [click_comparelist] [StepDefinition.books.books_stepdef.click_comparelist(books_stepdef.java:48)] - Selecting the books 
2020-04-06 11:14:09.229 DEBUG [main] [StepDefinition.books.books_stepdef] [user_is_on_my_loginpage] [StepDefinition.books.books_stepdef.user_is_on_my_loginpage(books_stepdef.java:32)] - Initializeing the driver and Browser
2020-04-06 11:14:14.740 DEBUG [main] [StepDefinition.books.books_stepdef] [user_fillup_uid] [StepDefinition.books.books_stepdef.user_fillup_uid(books_stepdef.java:41)] - Updating userName 
2020-04-06 11:14:29.159 INFO [main] [StepDefinition.books.books_stepdef] [click_computing] [StepDefinition.books.books_stepdef.click_computing(books_stepdef.java:75)] - take Screenshot
2020-04-06 11:30:38.279 INFO [main] [StepDefinition.login.login_stepdef] [user_is_on_my_loginpage] [StepDefinition.login.login_stepdef.user_is_on_my_loginpage(login_stepdef.java:30)] - dfefw
2020-04-06 11:30:43.520 INFO [main] [StepDefinition.login.login_stepdef] [user_fillup_uid] [StepDefinition.login.login_stepdef.user_fillup_uid(login_stepdef.java:41)] -  password enters
2020-04-06 11:37:33.842 INFO [main] [StepDefinition.logout.logout_stepdef] [user_fillup_uid] [StepDefinition.logout.logout_stepdef.user_fillup_uid(logout_stepdef.java:46)] - enter userid
2020-04-06 11:37:43.353 DEBUG [main] [StepDefinition.logout.logout_stepdef] [click_logout] [StepDefinition.logout.logout_stepdef.click_logout(logout_stepdef.java:54)] - click logout
2020-04-06 11:46:04.224 DEBUG [main] [StepDefinition.select.select_stepdef] [user_clicks_electronics] [StepDefinition.select.select_stepdef.user_clicks_electronics(select_stepdef.java:83)] - choose the electronics
2020-04-06 11:46:06.266 INFO [main] [StepDefinition.select.select_stepdef] [click_cellphones] [StepDefinition.select.select_stepdef.click_cellphones(select_stepdef.java:55)] - click the cellphones
2020-04-06 14:31:38.455 DEBUG [main] [StepDefinition.books.books_stepdef] [user_is_on_my_loginpage] [StepDefinition.books.books_stepdef.user_is_on_my_loginpage(books_stepdef.java:32)] - Initializeing the driver and Browser
2020-04-06 14:31:53.834 DEBUG [main] [StepDefinition.books.books_stepdef] [user_fillup_uid] [StepDefinition.books.books_stepdef.user_fillup_uid(books_stepdef.java:41)] - Updating userName 
2020-04-06 14:32:06.995 INFO [main] [StepDefinition.books.books_stepdef] [click_computing] [StepDefinition.books.books_stepdef.click_computing(books_stepdef.java:75)] - take Screenshot
2020-04-06 14:35:01.457 DEBUG [main] [StepDefinition.books.books_stepdef] [user_is_on_my_loginpage] [StepDefinition.books.books_stepdef.user_is_on_my_loginpage(books_stepdef.java:32)] - Initializeing the driver and Browser
2020-04-06 14:35:08.119 DEBUG [main] [StepDefinition.books.books_stepdef] [user_fillup_uid] [StepDefinition.books.books_stepdef.user_fillup_uid(books_stepdef.java:41)] - Updating userName 
2020-04-06 14:35:22.780 INFO [main] [StepDefinition.books.books_stepdef] [click_computing] [StepDefinition.books.books_stepdef.click_computing(books_stepdef.java:75)] - take Screenshot
2020-04-06 14:35:35.740 DEBUG [main] [StepDefinition.books.books_stepdef] [click_comparelist] [StepDefinition.books.books_stepdef.click_comparelist(books_stepdef.java:48)] - Selecting the books 
2020-04-06 14:41:02.917 DEBUG [main] [StepDefinition.books.books_stepdef] [user_is_on_my_loginpage] [StepDefinition.books.books_stepdef.user_is_on_my_loginpage(books_stepdef.java:32)] - Initializeing the driver and Browser
2020-04-06 14:41:14.875 DEBUG [main] [StepDefinition.books.books_stepdef] [user_fillup_uid] [StepDefinition.books.books_stepdef.user_fillup_uid(books_stepdef.java:41)] - Updating userName 
2020-04-06 14:41:27.395 INFO [main] [StepDefinition.books.books_stepdef] [click_computing] [StepDefinition.books.books_stepdef.click_computing(books_stepdef.java:75)] - take Screenshot
2020-04-06 15:13:27.411 DEBUG [main] [StepDefinition.books.books_stepdef] [user_is_on_my_loginpage] [StepDefinition.books.books_stepdef.user_is_on_my_loginpage(books_stepdef.java:32)] - Initializeing the driver and Browser
2020-04-06 15:13:33.040 DEBUG [main] [StepDefinition.books.books_stepdef] [user_fillup_uid] [StepDefinition.books.books_stepdef.user_fillup_uid(books_stepdef.java:41)] - Updating userName 
2020-04-06 15:13:45.678 INFO [main] [StepDefinition.books.books_stepdef] [click_computing] [StepDefinition.books.books_stepdef.click_computing(books_stepdef.java:75)] - take Screenshot
2020-04-06 15:14:03.658 DEBUG [main] [StepDefinition.books.books_stepdef] [click_comparelist] [StepDefinition.books.books_stepdef.click_comparelist(books_stepdef.java:48)] - Selecting the books 
2020-04-06 15:33:18.141 DEBUG [main] [StepDefinition.shoppingCart.shoppingCart_stepdef] [user_click_the_shoppingcart] [StepDefinition.shoppingCart.shoppingCart_stepdef.user_click_the_shoppingcart(shoppingCart_stepdef.java:64)] - checks the list of items
2020-04-06 15:33:23.757 ERROR [main] [StepDefinition.shoppingCart.shoppingCart_stepdef] [clicks_gotocart] [StepDefinition.shoppingCart.shoppingCart_stepdef.clicks_gotocart(shoppingCart_stepdef.java:71)] - go to cart
2020-04-06 15:37:22.405 DEBUG [main] [StepDefinition.select.select_stepdef] [user_clicks_electronics] [StepDefinition.select.select_stepdef.user_clicks_electronics(select_stepdef.java:83)] - choose the electronics
2020-04-06 15:37:25.050 INFO [main] [StepDefinition.select.select_stepdef] [click_cellphones] [StepDefinition.select.select_stepdef.click_cellphones(select_stepdef.java:55)] - click the cellphones
2020-04-06 15:37:37.623 INFO [main] [StepDefinition.select.select_stepdef] [click_addtocart] [StepDefinition.select.select_stepdef.click_addtocart(select_stepdef.java:62)] - add to cart 
2020-04-06 15:48:27.814 DEBUG [main] [StepDefinition.shoppingCart.shoppingCart_stepdef] [user_click_the_shoppingcart] [StepDefinition.shoppingCart.shoppingCart_stepdef.user_click_the_shoppingcart(shoppingCart_stepdef.java:65)] - checks the list of items
2020-04-06 15:48:38.006 ERROR [main] [StepDefinition.shoppingCart.shoppingCart_stepdef] [clicks_gotocart] [StepDefinition.shoppingCart.shoppingCart_stepdef.clicks_gotocart(shoppingCart_stepdef.java:72)] - go to cart
2020-04-06 16:40:30.359 DEBUG [main] [StepDefinition.books.books_stepdef] [user_is_on_my_loginpage] [StepDefinition.books.books_stepdef.user_is_on_my_loginpage(books_stepdef.java:32)] - Initializeing the driver and Browser
2020-04-06 16:40:35.321 DEBUG [main] [StepDefinition.books.books_stepdef] [user_fillup_uid] [StepDefinition.books.books_stepdef.user_fillup_uid(books_stepdef.java:41)] - Updating userName 
2020-04-06 16:40:40.347 INFO [main] [StepDefinition.books.books_stepdef] [click_computing] [StepDefinition.books.books_stepdef.click_computing(books_stepdef.java:75)] - take Screenshot
2020-04-06 16:40:56.635 DEBUG [main] [StepDefinition.books.books_stepdef] [click_comparelist] [StepDefinition.books.books_stepdef.click_comparelist(books_stepdef.java:48)] - Selecting the books 
2020-04-06 17:17:22.463 DEBUG [main] [StepDefinition.books.books_stepdef] [user_is_on_my_loginpage] [StepDefinition.books.books_stepdef.user_is_on_my_loginpage(books_stepdef.java:32)] - Initializeing the driver and Browser
2020-04-06 17:17:27.657 DEBUG [main] [StepDefinition.books.books_stepdef] [user_fillup_uid] [StepDefinition.books.books_stepdef.user_fillup_uid(books_stepdef.java:41)] - Updating userName 
2020-04-06 17:17:32.759 INFO [main] [StepDefinition.books.books_stepdef] [click_computing] [StepDefinition.books.books_stepdef.click_computing(books_stepdef.java:77)] - take Screenshot
2020-04-06 17:17:43.408 DEBUG [main] [StepDefinition.books.books_stepdef] [click_comparelist] [StepDefinition.books.books_stepdef.click_comparelist(books_stepdef.java:48)] - Selecting the books 
2020-04-06 17:43:21.738 DEBUG [main] [StepDefinition.books.books_stepdef] [user_is_on_my_loginpage] [StepDefinition.books.books_stepdef.user_is_on_my_loginpage(books_stepdef.java:32)] - Initializeing the driver and Browser
2020-04-06 17:43:29.836 DEBUG [main] [StepDefinition.books.books_stepdef] [user_fillup_uid] [StepDefinition.books.books_stepdef.user_fillup_uid(books_stepdef.java:41)] - Updating userName 
2020-04-06 17:43:43.050 INFO [main] [StepDefinition.books.books_stepdef] [click_computing] [StepDefinition.books.books_stepdef.click_computing(books_stepdef.java:77)] - take Screenshot
2020-04-06 17:44:02.685 DEBUG [main] [StepDefinition.books.books_stepdef] [click_comparelist] [StepDefinition.books.books_stepdef.click_comparelist(books_stepdef.java:48)] - Selecting the books 
2020-04-06 18:11:22.479 DEBUG [main] [StepDefinition.books.books_stepdef] [user_is_on_my_loginpage] [StepDefinition.books.books_stepdef.user_is_on_my_loginpage(books_stepdef.java:32)] - Initializeing the driver and Browser
2020-04-06 18:11:28.274 DEBUG [main] [StepDefinition.books.books_stepdef] [user_fillup_uid] [StepDefinition.books.books_stepdef.user_fillup_uid(books_stepdef.java:41)] - Updating userName 
2020-04-06 18:11:36.390 INFO [main] [StepDefinition.books.books_stepdef] [click_computing] [StepDefinition.books.books_stepdef.click_computing(books_stepdef.java:77)] - take Screenshot
2020-04-06 18:11:52.029 DEBUG [main] [StepDefinition.books.books_stepdef] [click_comparelist] [StepDefinition.books.books_stepdef.click_comparelist(books_stepdef.java:48)] - Selecting the books 
2020-04-06 18:21:43.773 DEBUG [main] [StepDefinition.books.books_stepdef] [user_is_on_my_loginpage] [StepDefinition.books.books_stepdef.user_is_on_my_loginpage(books_stepdef.java:32)] - Initializeing the driver and Browser
2020-04-06 18:21:48.842 DEBUG [main] [StepDefinition.books.books_stepdef] [user_fillup_uid] [StepDefinition.books.books_stepdef.user_fillup_uid(books_stepdef.java:41)] - Updating userName 
2020-04-06 18:21:55.166 INFO [main] [StepDefinition.books.books_stepdef] [click_computing] [StepDefinition.books.books_stepdef.click_computing(books_stepdef.java:77)] - take Screenshot
2020-04-06 18:22:05.780 DEBUG [main] [StepDefinition.books.books_stepdef] [click_comparelist] [StepDefinition.books.books_stepdef.click_comparelist(books_stepdef.java:48)] - Selecting the books 
2020-04-06 18:28:33.277 DEBUG [main] [StepDefinition.books.books_stepdef] [user_is_on_my_loginpage] [StepDefinition.books.books_stepdef.user_is_on_my_loginpage(books_stepdef.java:32)] - Initializeing the driver and Browser
2020-04-06 18:28:40.689 DEBUG [main] [StepDefinition.books.books_stepdef] [user_fillup_uid] [StepDefinition.books.books_stepdef.user_fillup_uid(books_stepdef.java:41)] - Updating userName 
2020-04-06 18:28:55.156 INFO [main] [StepDefinition.books.books_stepdef] [click_computing] [StepDefinition.books.books_stepdef.click_computing(books_stepdef.java:77)] - take Screenshot
2020-04-06 18:29:06.686 DEBUG [main] [StepDefinition.books.books_stepdef] [click_comparelist] [StepDefinition.books.books_stepdef.click_comparelist(books_stepdef.java:48)] - Selecting the books 
